<?xml version="1.0" encoding="UTF-8"?>
<coverage generated="1773475062223" clover="3.2.0">
  <project timestamp="1773475062223" name="All files">
    <metrics statements="15" coveredstatements="14" conditionals="6" coveredconditionals="5" methods="5" coveredmethods="5" elements="26" coveredelements="24" complexity="0" loc="15" ncloc="15" packages="1" files="1" classes="1"/>
    <file name="web3.service.ts" path="C:\Users\Jiwuu\Desktop\projects\capstone\Avelon_Mobile\src\services\web3.service.ts">
      <metrics statements="15" coveredstatements="14" conditionals="6" coveredconditionals="5" methods="5" coveredmethods="5"/>
      <line num="24" count="1" type="stmt"/>
      <line num="26" count="1" type="cond" truecount="3" falsecount="1"/>
      <line num="27" count="0" type="stmt"/>
      <line num="32" count="1" type="stmt"/>
      <line num="37" count="1" type="stmt"/>
      <line num="45" count="1" type="stmt"/>
      <line num="46" count="1" type="stmt"/>
      <line num="52" count="1" type="stmt"/>
      <line num="69" count="5" type="stmt"/>
      <line num="76" count="13" type="stmt"/>
      <line num="77" count="13" type="cond" truecount="2" falsecount="0"/>
      <line num="78" count="2" type="stmt"/>
      <line num="91" count="13" type="stmt"/>
      <line num="98" count="10" type="stmt"/>
      <line num="107" count="10" type="stmt"/>
    </file>
  </project>
</coverage>
