{"C:\\Users\\Jiwuu\\Desktop\\projects\\capstone\\Avelon_Mobile\\src\\services\\web3.service.ts": {"path":"C:\\Users\\Jiwuu\\Desktop\\projects\\capstone\\Avelon_Mobile\\src\\services\\web3.service.ts","statementMap":{"0":{"start":{"line":24,"column":32},"end":{"line":24,"column":52}},"1":{"start":{"line":26,"column":0},"end":{"line":30,"column":1}},"2":{"start":{"line":27,"column":2},"end":{"line":29,"column":4}},"3":{"start":{"line":32,"column":28},"end":{"line":35,"column":2}},"4":{"start":{"line":37,"column":30},"end":{"line":43,"column":2}},"5":{"start":{"line":45,"column":27},"end":{"line":45,"column":51}},"6":{"start":{"line":46,"column":27},"end":{"line":46,"column":44}},"7":{"start":{"line":52,"column":31},"end":{"line":60,"column":10}},"8":{"start":{"line":69,"column":9},"end":{"line":69,"column":39}},"9":{"start":{"line":76,"column":2},"end":{"line":89,"column":3}},"10":{"start":{"line":77,"column":4},"end":{"line":79,"column":5}},"11":{"start":{"line":78,"column":6},"end":{"line":78,"column":90}},"12":{"start":{"line":91,"column":9},"end":{"line":91,"column":31}},"13":{"start":{"line":98,"column":2},"end":{"line":105,"column":3}},"14":{"start":{"line":107,"column":9},"end":{"line":107,"column":29}}},"fnMap":{"0":{"name":"useWalletConnection","decl":{"start":{"line":66,"column":7},"end":{"line":66,"column":8}},"loc":{"start":{},"end":{}}},"1":{"name":"useDepositCollateral","decl":{"start":{"line":72,"column":7},"end":{"line":72,"column":8}},"loc":{"start":{},"end":{}}},"2":{"name":"deposit","decl":{"start":{"line":76,"column":2},"end":{"line":76,"column":3}},"loc":{"start":{},"end":{}}},"3":{"name":"useRepayLoan","decl":{"start":{"line":94,"column":7},"end":{"line":94,"column":8}},"loc":{"start":{},"end":{}}},"4":{"name":"repay","decl":{"start":{"line":98,"column":2},"end":{"line":98,"column":3}},"loc":{"start":{},"end":{}}}},"branchMap":{"0":{"loc":{"start":{"line":26,"column":0},"end":{"line":30,"column":1}},"type":"if","locations":[{"start":{"line":26,"column":0},"end":{"line":30,"column":1}},{"start":{},"end":{}}],"line":26},"1":{"loc":{"start":{"line":26,"column":4},"end":{"line":26,"column":25}},"type":"binary-expr","locations":[{"start":{"line":26,"column":4},"end":{"line":26,"column":11}},{"start":{"line":26,"column":15},"end":{"line":26,"column":25}}],"line":26},"2":{"loc":{"start":{"line":77,"column":4},"end":{"line":79,"column":5}},"type":"if","locations":[{"start":{"line":77,"column":4},"end":{"line":79,"column":5}},{"start":{},"end":{}}],"line":77}},"s":{"0":1,"1":1,"2":0,"3":1,"4":1,"5":1,"6":1,"7":1,"8":5,"9":13,"10":13,"11":2,"12":13,"13":10,"14":10},"f":{"0":5,"1":13,"2":13,"3":10,"4":10},"b":{"0":[0,1],"1":[1,1],"2":[2,11]},"_coverageSchema":"1a1c01bbd47fc00a2c39e90264f33305004495a9","hash":"8faa83194f6eb032b6d0294d8261b7a1ecc29083"}
}
