TN:
SF:src\services\web3.service.ts
FN:66,useWalletConnection
FN:72,useDepositCollateral
FN:76,deposit
FN:94,useRepayLoan
FN:98,repay
FNF:5
FNH:5
FNDA:5,useWalletConnection
FNDA:13,useDepositCollateral
FNDA:13,deposit
FNDA:10,useRepayLoan
FNDA:10,repay
DA:24,1
DA:26,1
DA:27,0
DA:32,1
DA:37,1
DA:45,1
DA:46,1
DA:52,1
DA:69,5
DA:76,13
DA:77,13
DA:78,2
DA:91,13
DA:98,10
DA:107,10
LF:15
LH:14
BRDA:26,0,0,0
BRDA:26,0,1,1
BRDA:26,1,0,1
BRDA:26,1,1,1
BRDA:77,2,0,2
BRDA:77,2,1,11
BRF:6
BRH:5
end_of_record
